<?xml version="1.0" encoding="UTF-8"?>
<testng-results skipped="0" failed="0" total="1" passed="1">
  <reporter-output>
  </reporter-output>
  <suite name="Default suite" duration-ms="82772" started-at="2019-09-04T10:11:03Z" finished-at="2019-09-04T10:12:26Z">
    <groups>
    </groups>
    <test name="Default test" duration-ms="82772" started-at="2019-09-04T10:11:03Z" finished-at="2019-09-04T10:12:26Z">
      <class name="in.licious.BannersTestCases.TC001">
        <test-method status="PASS" signature="initFramework()[pri:0, instance:in.licious.BannersTestCases.TC001@71be98f5]" name="initFramework" is-config="true" duration-ms="55" started-at="2019-09-04T15:41:03Z" finished-at="2019-09-04T15:41:03Z">
          <reporter-output>
          </reporter-output>
        </test-method> <!-- initFramework -->
        <test-method status="PASS" signature="initGlobalConstants()[pri:0, instance:in.licious.BannersTestCases.TC001@71be98f5]" name="initGlobalConstants" is-config="true" duration-ms="0" started-at="2019-09-04T15:41:03Z" finished-at="2019-09-04T15:41:03Z">
          <reporter-output>
          </reporter-output>
        </test-method> <!-- initGlobalConstants -->
        <test-method status="PASS" signature="setUp(java.lang.reflect.Method)[pri:0, instance:in.licious.BannersTestCases.TC001@71be98f5]" name="setUp" is-config="true" duration-ms="6763" started-at="2019-09-04T15:41:03Z" finished-at="2019-09-04T15:41:10Z">
          <params>
            <param index="0">
              <value>
                <![CDATA[public void in.licious.BannersTestCases.TC001.TC_001() throws java.io.IOException,java.awt.AWTException,org.sikuli.script.FindFailed]]>
              </value>
            </param>
          </params>
          <reporter-output>
          </reporter-output>
        </test-method> <!-- setUp -->
        <test-method status="PASS" signature="TC_001()[pri:0, instance:in.licious.BannersTestCases.TC001@71be98f5]" name="TC_001" duration-ms="75840" started-at="2019-09-04T15:41:10Z" finished-at="2019-09-04T15:42:25Z">
          <reporter-output>
          </reporter-output>
        </test-method> <!-- TC_001 -->
        <test-method status="PASS" signature="tearDown(org.testng.ITestResult)[pri:0, instance:in.licious.BannersTestCases.TC001@71be98f5]" name="tearDown" is-config="true" duration-ms="136" started-at="2019-09-04T15:42:25Z" finished-at="2019-09-04T15:42:26Z">
          <params>
            <param index="0">
              <value>
                <![CDATA[[TestResult name=TC_001 status=SUCCESS method=TC001.TC_001()[pri:0, instance:in.licious.BannersTestCases.TC001@71be98f5] output={null}]]]>
              </value>
            </param>
          </params>
          <reporter-output>
          </reporter-output>
        </test-method> <!-- tearDown -->
      </class> <!-- in.licious.BannersTestCases.TC001 -->
    </test> <!-- Default test -->
  </suite> <!-- Default suite -->
</testng-results>
